<?xml version="1.0"?>
<!DOCTYPE coverage SYSTEM "http://cobertura.sourceforge.net/xml/coverage-04.dtd">

<coverage line-rate="0.6711336472292647" branch-rate="0.5156675749318801" lines-covered="1853" lines-valid="2761" branches-covered="757" branches-valid="1468" complexity="2.416983523447402" version="1.9.4.1" timestamp="1375125418035">
	<sources>
		<source>--source</source>
		<source>c:/jenkins-slave/workspace/VersionOne.SDK.Java.APIClient/src/main/java</source>
	</sources>
	<packages>
		<package name="com.versionone" line-rate="0.762589928057554" branch-rate="0.6488095238095238" complexity="3.26">
			<classes>
				<class name="com.versionone.DB" filename="com/versionone/DB.java" line-rate="0.7" branch-rate="0.5" complexity="3.2318840579710146">
					<methods>
						<method name="&lt;clinit&gt;" signature="()V" line-rate="1.0" branch-rate="1.0">
							<lines>
								<line number="72" hits="1" branch="false"/>
							</lines>
						</method>
						<method name="&lt;init&gt;" signature="()V" line-rate="1.0" branch-rate="1.0">
							<lines>
								<line number="26" hits="50754" branch="false"/>
								<line number="28" hits="101508" branch="false"/>
							</lines>
						</method>
						<method name="UnknownConversionMessage" signature="(Ljava/lang/Object;)Ljava/lang/String;" line-rate="0.0" branch-rate="0.0">
							<lines>
								<line number="23" hits="0" branch="true" condition-coverage="0% (0/2)">
									<conditions>
										<condition number="0" type="jump" coverage="0%"/>
									</conditions>
								</line>
							</lines>
						</method>
						<method name="access$100" signature="(Ljava/lang/Object;)Ljava/lang/String;" line-rate="0.0" branch-rate="1.0">
							<lines>
								<line number="17" hits="0" branch="false"/>
							</lines>
						</method>
						<method name="hashCode" signature="()I" line-rate="0.0" branch-rate="0.0">
							<lines>
								<line number="48" hits="0" branch="true" condition-coverage="0% (0/2)">
									<conditions>
										<condition number="0" type="jump" coverage="0%"/>
									</conditions>
								</line>
							</lines>
						</method>
						<method name="isNull" signature="()Z" line-rate="1.0" branch-rate="1.0">
							<lines>
								<line number="65" hits="50871" branch="true" condition-coverage="100% (2/2)">
									<conditions>
										<condition number="0" type="jump" coverage="100%"/>
									</conditions>
								</line>
							</lines>
						</method>
						<method name="setNotNull" signature="(Z)V" line-rate="1.0" branch-rate="1.0">
							<lines>
								<line number="69" hits="40493" branch="false"/>
								<line number="70" hits="40493" branch="false"/>
							</lines>
						</method>
						<method name="toString" signature="()Ljava/lang/String;" line-rate="1.0" branch-rate="1.0">
							<lines>
								<line number="56" hits="33" branch="true" condition-coverage="100% (2/2)">
									<conditions>
										<condition number="0" type="jump" coverage="100%"/>
									</conditions>
								</line>
							</lines>
						</method>
					</methods>
					<lines>
						<line number="17" hits="0" branch="false"/>
						<line number="23" hits="0" branch="true" condition-coverage="0% (0/2)">
							<conditions>
								<condition number="0" type="jump" coverage="0%"/>
							</conditions>
						</line>
						<line number="26" hits="50754" branch="false"/>
						<line number="28" hits="101508" branch="false"/>
						<line number="48" hits="0" branch="true" condition-coverage="0% (0/2)">
							<conditions>
								<condition number="0" type="jump" coverage="0%"/>
							</conditions>
						</line>
						<line number="56" hits="33" branch="true" condition-coverage="100% (2/2)">
							<conditions>
								<condition number="0" type="jump" coverage="100%"/>
							</conditions>
						</line>
						<line number="65" hits="50871" branch="true" condition-coverage="100% (2/2)">
							<conditions>
								<condition number="0" type="jump" coverage="100%"/>
							</conditions>
						</line>
						<line number="69" hits="40493" branch="false"/>
						<line number="70" hits="40493" branch="false"/>
						<line number="72" hits="1" branch="false"/>
					</lines>
				</class>
				<class name="com.versionone.DB$1" filename="com/versionone/DB.java" line-rate="1.0" branch-rate="1.0" complexity="3.2318840579710146">
					<methods>
					</methods>
					<lines>
					</lines>
				</class>
				<class name="com.versionone.DB$BigInt" filename="com/versionone/DB.java" line-rate="0.0" branch-rate="0.0" complexity="3.2318840579710146">
					<methods>
						<method name="&lt;init&gt;" signature="()V" line-rate="0.0" branch-rate="1.0">
							<lines>
								<line number="834" hits="0" branch="false"/>
								<line number="835" hits="0" branch="false"/>
							</lines>
						</method>
						<method name="&lt;init&gt;" signature="(Ljava/lang/Object;)V" line-rate="0.0" branch-rate="0.0">
							<lines>
								<line number="829" hits="0" branch="false"/>
								<line number="845" hits="0" branch="false"/>
								<line number="846" hits="0" branch="true" condition-coverage="0% (0/4)">
									<conditions>
										<condition number="0" type="jump" coverage="0%"/>
										<condition number="1" type="jump" coverage="0%"/>
									</conditions>
								</line>
								<line number="847" hits="0" branch="true" condition-coverage="0% (0/2)">
									<conditions>
										<condition number="0" type="jump" coverage="0%"/>
									</conditions>
								</line>
								<line number="848" hits="0" branch="false"/>
								<line number="849" hits="0" branch="true" condition-coverage="0% (0/2)">
									<conditions>
										<condition number="0" type="jump" coverage="0%"/>
									</conditions>
								</line>
								<line number="850" hits="0" branch="false"/>
								<line number="852" hits="0" branch="true" condition-coverage="0% (0/2)">
									<conditions>
										<condition number="0" type="jump" coverage="0%"/>
									</conditions>
								</line>
								<line number="853" hits="0" branch="false"/>
								<line number="855" hits="0" branch="false"/>
								<line number="857" hits="0" branch="false"/>
							</lines>
						</method>
						<method name="equals" signature="(Ljava/lang/Object;)Z" line-rate="0.0" branch-rate="0.0">
							<lines>
								<line number="871" hits="0" branch="true" condition-coverage="0% (0/4)">
									<conditions>
										<condition number="0" type="jump" coverage="0%"/>
										<condition number="1" type="jump" coverage="0%"/>
									</conditions>
								</line>
								<line number="872" hits="0" branch="false"/>
								<line number="874" hits="0" branch="true" condition-coverage="0% (0/2)">
									<conditions>
										<condition number="0" type="jump" coverage="0%"/>
									</conditions>
								</line>
								<line number="875" hits="0" branch="false"/>
								<line number="876" hits="0" branch="true" condition-coverage="0% (0/2)">
									<conditions>
										<condition number="0" type="jump" coverage="0%"/>
									</conditions>
								</line>
								<line number="877" hits="0" branch="false"/>
								<line number="879" hits="0" branch="true" condition-coverage="0% (0/4)">
									<conditions>
										<condition number="0" type="jump" coverage="0%"/>
										<condition number="1" type="jump" coverage="0%"/>
									</conditions>
								</line>
								<line number="881" hits="0" branch="true" condition-coverage="0% (0/2)">
									<conditions>
										<condition number="0" type="jump" coverage="0%"/>
									</conditions>
								</line>
								<line number="882" hits="0" branch="true" condition-coverage="0% (0/2)">
									<conditions>
										<condition number="0" type="jump" coverage="0%"/>
									</conditions>
								</line>
								<line number="883" hits="0" branch="false"/>
								<line number="884" hits="0" branch="false"/>
								<line number="887" hits="0" branch="false"/>
							</lines>
						</method>
						<method name="getValue" signature="()Ljava/lang/Long;" line-rate="0.0" branch-rate="0.0">
							<lines>
								<line number="863" hits="0" branch="true" condition-coverage="0% (0/2)">
									<conditions>
										<condition number="0" type="jump" coverage="0%"/>
									</conditions>
								</line>
							</lines>
						</method>
						<method name="getValue" signature="()Ljava/lang/Object;" line-rate="0.0" branch-rate="1.0">
							<lines>
								<line number="827" hits="0" branch="false"/>
							</lines>
						</method>
						<method name="setValue" signature="(J)V" line-rate="0.0" branch-rate="1.0">
							<lines>
								<line number="891" hits="0" branch="false"/>
								<line number="892" hits="0" branch="false"/>
								<line number="893" hits="0" branch="false"/>
							</lines>
						</method>
					</methods>
					<lines>
						<line number="827" hits="0" branch="false"/>
						<line number="829" hits="0" branch="false"/>
						<line number="834" hits="0" branch="false"/>
						<line number="835" hits="0" branch="false"/>
						<line number="845" hits="0" branch="false"/>
						<line number="846" hits="0" branch="true" condition-coverage="0% (0/4)">
							<conditions>
								<condition number="0" type="jump" coverage="0%"/>
								<condition number="1" type="jump" coverage="0%"/>
							</conditions>
						</line>
						<line number="847" hits="0" branch="true" condition-coverage="0% (0/2)">
							<conditions>
								<condition number="0" type="jump" coverage="0%"/>
							</conditions>
						</line>
						<line number="848" hits="0" branch="false"/>
						<line number="849" hits="0" branch="true" condition-coverage="0% (0/2)">
							<conditions>
								<condition number="0" type="jump" coverage="0%"/>
							</conditions>
						</line>
						<line number="850" hits="0" branch="false"/>
						<line number="852" hits="0" branch="true" condition-coverage="0% (0/2)">
							<conditions>
								<condition number="0" type="jump" coverage="0%"/>
							</conditions>
						</line>
						<line number="853" hits="0" branch="false"/>
						<line number="855" hits="0" branch="false"/>
						<line number="857" hits="0" branch="false"/>
						<line number="863" hits="0" branch="true" condition-coverage="0% (0/2)">
							<conditions>
								<condition number="0" type="jump" coverage="0%"/>
							</conditions>
						</line>
						<line number="871" hits="0" branch="true" condition-coverage="0% (0/4)">
							<conditions>
								<condition number="0" type="jump" coverage="0%"/>
								<condition number="1" type="jump" coverage="0%"/>
							</conditions>
						</line>
						<line number="872" hits="0" branch="false"/>
						<line number="874" hits="0" branch="true" condition-coverage="0% (0/2)">
							<conditions>
								<condition number="0" type="jump" coverage="0%"/>
							</conditions>
						</line>
						<line number="875" hits="0" branch="false"/>
						<line number="876" hits="0" branch="true" condition-coverage="0% (0/2)">
							<conditions>
								<condition number="0" type="jump" coverage="0%"/>
							</conditions>
						</line>
						<line number="877" hits="0" branch="false"/>
						<line number="879" hits="0" branch="true" condition-coverage="0% (0/4)">
							<conditions>
								<condition number="0" type="jump" coverage="0%"/>
								<condition number="1" type="jump" coverage="0%"/>
							</conditions>
						</line>
						<line number="881" hits="0" branch="true" condition-coverage="0% (0/2)">
							<conditions>
								<condition number="0" type="jump" coverage="0%"/>
							</conditions>
						</line>
						<line number="882" hits="0" branch="true" condition-coverage="0% (0/2)">
							<conditions>
								<condition number="0" type="jump" coverage="0%"/>
							</conditions>
						</line>
						<line number="883" hits="0" branch="false"/>
						<line number="884" hits="0" branch="false"/>
						<line number="887" hits="0" branch="false"/>
						<line number="891" hits="0" branch="false"/>
						<line number="892" hits="0" branch="false"/>
						<line number="893" hits="0" branch="false"/>
					</lines>
				</class>
				<class name="com.versionone.DB$Bit" filename="com/versionone/DB.java" line-rate="0.9523809523809523" branch-rate="0.9285714285714286" complexity="3.2318840579710146">
					<methods>
						<method name="&lt;init&gt;" signature="()V" line-rate="1.0" branch-rate="1.0">
							<lines>
								<line number="275" hits="60" branch="false"/>
							</lines>
						</method>
						<method name="&lt;init&gt;" signature="(I)V" line-rate="1.0" branch-rate="1.0">
							<lines>
								<line number="270" hits="11553" branch="false"/>
								<line number="322" hits="6" branch="false"/>
								<line number="323" hits="6" branch="true" condition-coverage="100% (2/2)">
									<conditions>
										<condition number="0" type="jump" coverage="100%"/>
									</conditions>
								</line>
								<line number="324" hits="6" branch="false"/>
							</lines>
						</method>
						<method name="&lt;init&gt;" signature="(Ljava/lang/Object;)V" line-rate="1.0" branch-rate="0.95">
							<lines>
								<line number="297" hits="11472" branch="false"/>
								<line number="298" hits="11472" branch="true" condition-coverage="100% (4/4)">
									<conditions>
										<condition number="0" type="jump" coverage="100%"/>
										<condition number="1" type="jump" coverage="100%"/>
									</conditions>
								</line>
								<line number="299" hits="11466" branch="true" condition-coverage="100% (2/2)">
									<conditions>
										<condition number="0" type="jump" coverage="100%"/>
									</conditions>
								</line>
								<line number="300" hits="11451" branch="false"/>
								<line number="302" hits="11451" branch="true" condition-coverage="75% (3/4)">
									<conditions>
										<condition number="0" type="jump" coverage="50%"/>
										<condition number="1" type="jump" coverage="100%"/>
									</conditions>
								</line>
								<line number="303" hits="11448" branch="true" condition-coverage="100% (4/4)">
									<conditions>
										<condition number="0" type="jump" coverage="100%"/>
										<condition number="1" type="jump" coverage="100%"/>
									</conditions>
								</line>
								<line number="304" hits="6" branch="false"/>
								<line number="305" hits="11442" branch="true" condition-coverage="100% (4/4)">
									<conditions>
										<condition number="0" type="jump" coverage="100%"/>
										<condition number="1" type="jump" coverage="100%"/>
									</conditions>
								</line>
								<line number="306" hits="12" branch="false"/>
								<line number="308" hits="11430" branch="false"/>
								<line number="311" hits="11451" branch="true" condition-coverage="100% (2/2)">
									<conditions>
										<condition number="0" type="jump" coverage="100%"/>
									</conditions>
								</line>
								<line number="312" hits="12" branch="false"/>
								<line number="315" hits="11472" branch="false"/>
							</lines>
						</method>
						<method name="&lt;init&gt;" signature="(Z)V" line-rate="1.0" branch-rate="1.0">
							<lines>
								<line number="282" hits="45" branch="false"/>
								<line number="283" hits="45" branch="false"/>
								<line number="284" hits="45" branch="false"/>
							</lines>
						</method>
						<method name="booleanValue" signature="()Z" line-rate="1.0" branch-rate="1.0">
							<lines>
								<line number="340" hits="11463" branch="true" condition-coverage="100% (2/2)">
									<conditions>
										<condition number="0" type="jump" coverage="100%"/>
									</conditions>
								</line>
								<line number="341" hits="3" branch="false"/>
								<line number="343" hits="11460" branch="false"/>
							</lines>
						</method>
						<method name="equals" signature="(Ljava/lang/Object;)Z" line-rate="0.8461538461538461" branch-rate="0.875">
							<lines>
								<line number="352" hits="27" branch="true" condition-coverage="100% (4/4)">
									<conditions>
										<condition number="0" type="jump" coverage="100%"/>
										<condition number="1" type="jump" coverage="100%"/>
									</conditions>
								</line>
								<line number="353" hits="6" branch="false"/>
								<line number="356" hits="21" branch="true" condition-coverage="100% (2/2)">
									<conditions>
										<condition number="0" type="jump" coverage="100%"/>
									</conditions>
								</line>
								<line number="357" hits="15" branch="false"/>
								<line number="359" hits="15" branch="true" condition-coverage="100% (2/2)">
									<conditions>
										<condition number="0" type="jump" coverage="100%"/>
									</conditions>
								</line>
								<line number="360" hits="6" branch="false"/>
								<line number="363" hits="9" branch="true" condition-coverage="100% (4/4)">
									<conditions>
										<condition number="0" type="jump" coverage="100%"/>
										<condition number="1" type="jump" coverage="100%"/>
									</conditions>
								</line>
								<line number="366" hits="6" branch="true" condition-coverage="50% (1/2)">
									<conditions>
										<condition number="0" type="jump" coverage="50%"/>
									</conditions>
								</line>
								<line number="367" hits="6" branch="true" condition-coverage="50% (1/2)">
									<conditions>
										<condition number="0" type="jump" coverage="50%"/>
									</conditions>
								</line>
								<line number="368" hits="0" branch="false"/>
								<line number="370" hits="6" branch="false"/>
								<line number="371" hits="6" branch="false"/>
								<line number="375" hits="0" branch="false"/>
							</lines>
						</method>
						<method name="getValue" signature="()Ljava/lang/Boolean;" line-rate="1.0" branch-rate="1.0">
							<lines>
								<line number="330" hits="33" branch="true" condition-coverage="100% (2/2)">
									<conditions>
										<condition number="0" type="jump" coverage="100%"/>
									</conditions>
								</line>
							</lines>
						</method>
						<method name="getValue" signature="()Ljava/lang/Object;" line-rate="1.0" branch-rate="1.0">
							<lines>
								<line number="269" hits="18" branch="false"/>
							</lines>
						</method>
						<method name="setValue" signature="(Z)V" line-rate="1.0" branch-rate="1.0">
							<lines>
								<line number="380" hits="11511" branch="false"/>
								<line number="381" hits="11511" branch="false"/>
								<line number="382" hits="11511" branch="false"/>
							</lines>
						</method>
					</methods>
					<lines>
						<line number="269" hits="18" branch="false"/>
						<line number="270" hits="11553" branch="false"/>
						<line number="275" hits="60" branch="false"/>
						<line number="282" hits="45" branch="false"/>
						<line number="283" hits="45" branch="false"/>
						<line number="284" hits="45" branch="false"/>
						<line number="297" hits="11472" branch="false"/>
						<line number="298" hits="11472" branch="true" condition-coverage="100% (4/4)">
							<conditions>
								<condition number="0" type="jump" coverage="100%"/>
								<condition number="1" type="jump" coverage="100%"/>
							</conditions>
						</line>
						<line number="299" hits="11466" branch="true" condition-coverage="100% (2/2)">
							<conditions>
								<condition number="0" type="jump" coverage="100%"/>
							</conditions>
						</line>
						<line number="300" hits="11451" branch="false"/>
						<line number="302" hits="11451" branch="true" condition-coverage="75% (3/4)">
							<conditions>
								<condition number="0" type="jump" coverage="50%"/>
								<condition number="1" type="jump" coverage="100%"/>
							</conditions>
						</line>
						<line number="303" hits="11448" branch="true" condition-coverage="100% (4/4)">
							<conditions>
								<condition number="0" type="jump" coverage="100%"/>
								<condition number="1" type="jump" coverage="100%"/>
							</conditions>
						</line>
						<line number="304" hits="6" branch="false"/>
						<line number="305" hits="11442" branch="true" condition-coverage="100% (4/4)">
							<conditions>
								<condition number="0" type="jump" coverage="100%"/>
								<condition number="1" type="jump" coverage="100%"/>
							</conditions>
						</line>
						<line number="306" hits="12" branch="false"/>
						<line number="308" hits="11430" branch="false"/>
						<line number="311" hits="11451" branch="true" condition-coverage="100% (2/2)">
							<conditions>
								<condition number="0" type="jump" coverage="100%"/>
							</conditions>
						</line>
						<line number="312" hits="12" branch="false"/>
						<line number="315" hits="11472" branch="false"/>
						<line number="322" hits="6" branch="false"/>
						<line number="323" hits="6" branch="true" condition-coverage="100% (2/2)">
							<conditions>
								<condition number="0" type="jump" coverage="100%"/>
							</conditions>
						</line>
						<line number="324" hits="6" branch="false"/>
						<line number="330" hits="33" branch="true" condition-coverage="100% (2/2)">
							<conditions>
								<condition number="0" type="jump" coverage="100%"/>
							</conditions>
						</line>
						<line number="340" hits="11463" branch="true" condition-coverage="100% (2/2)">
							<conditions>
								<condition number="0" type="jump" coverage="100%"/>
							</conditions>
						</line>
						<line number="341" hits="3" branch="false"/>
						<line number="343" hits="11460" branch="false"/>
						<line number="352" hits="27" branch="true" condition-coverage="100% (4/4)">
							<conditions>
								<condition number="0" type="jump" coverage="100%"/>
								<condition number="1" type="jump" coverage="100%"/>
							</conditions>
						</line>
						<line number="353" hits="6" branch="false"/>
						<line number="356" hits="21" branch="true" condition-coverage="100% (2/2)">
							<conditions>
								<condition number="0" type="jump" coverage="100%"/>
							</conditions>
						</line>
						<line number="357" hits="15" branch="false"/>
						<line number="359" hits="15" branch="true" condition-coverage="100% (2/2)">
							<conditions>
								<condition number="0" type="jump" coverage="100%"/>
							</conditions>
						</line>
						<line number="360" hits="6" branch="false"/>
						<line number="363" hits="9" branch="true" condition-coverage="100% (4/4)">
							<conditions>
								<condition number="0" type="jump" coverage="100%"/>
								<condition number="1" type="jump" coverage="100%"/>
							</conditions>
						</line>
						<line number="366" hits="6" branch="true" condition-coverage="50% (1/2)">
							<conditions>
								<condition number="0" type="jump" coverage="50%"/>
							</conditions>
						</line>
						<line number="367" hits="6" branch="true" condition-coverage="50% (1/2)">
							<conditions>
								<condition number="0" type="jump" coverage="50%"/>
							</conditions>
						</line>
						<line number="368" hits="0" branch="false"/>
						<line number="370" hits="6" branch="false"/>
						<line number="371" hits="6" branch="false"/>
						<line number="375" hits="0" branch="false"/>
						<line number="380" hits="11511" branch="false"/>
						<line number="381" hits="11511" branch="false"/>
						<line number="382" hits="11511" branch="false"/>
					</lines>
				</class>
				<class name="com.versionone.DB$DateTime" filename="com/versionone/DB.java" line-rate="0.6428571428571429" branch-rate="0.6111111111111112" complexity="3.2318840579710146">
					<methods>
						<method name="&lt;clinit&gt;" signature="()V" line-rate="1.0" branch-rate="1.0">
							<lines>
								<line number="466" hits="1" branch="false"/>
								<line number="467" hits="1" branch="false"/>
								<line number="468" hits="1" branch="false"/>
							</lines>
						</method>
						<method name="&lt;init&gt;" signature="()V" line-rate="1.0" branch-rate="1.0">
							<lines>
								<line number="479" hits="60" branch="false"/>
							</lines>
						</method>
						<method name="&lt;init&gt;" signature="(Ljava/lang/Object;)V" line-rate="0.7727272727272727" branch-rate="0.8125">
							<lines>
								<line number="470" hits="330" branch="false"/>
								<line number="499" hits="242" branch="false"/>
								<line number="500" hits="242" branch="true" condition-coverage="100% (4/4)">
									<conditions>
										<condition number="0" type="jump" coverage="100%"/>
										<condition number="1" type="jump" coverage="100%"/>
									</conditions>
								</line>
								<line number="501" hits="236" branch="true" condition-coverage="100% (2/2)">
									<conditions>
										<condition number="0" type="jump" coverage="100%"/>
									</conditions>
								</line>
								<line number="502" hits="233" branch="false"/>
								<line number="504" hits="233" branch="true" condition-coverage="100% (2/2)">
									<conditions>
										<condition number="0" type="jump" coverage="100%"/>
									</conditions>
								</line>
								<line number="507" hits="230" branch="true" condition-coverage="100% (2/2)">
									<conditions>
										<condition number="0" type="jump" coverage="100%"/>
									</conditions>
								</line>
								<line number="508" hits="226" branch="false"/>
								<line number="510" hits="4" branch="false"/>
								<line number="514" hits="230" branch="false"/>
								<line number="515" hits="0" branch="false"/>
								<line number="516" hits="0" branch="false"/>
								<line number="517" hits="230" branch="false"/>
								<line number="519" hits="233" branch="true" condition-coverage="50% (1/2)">
									<conditions>
										<condition number="0" type="jump" coverage="50%"/>
									</conditions>
								</line>
								<line number="520" hits="0" branch="false"/>
								<line number="521" hits="3" branch="true" condition-coverage="50% (1/2)">
									<conditions>
										<condition number="0" type="jump" coverage="50%"/>
									</conditions>
								</line>
								<line number="522" hits="3" branch="false"/>
								<line number="524" hits="3" branch="true" condition-coverage="50% (1/2)">
									<conditions>
										<condition number="0" type="jump" coverage="50%"/>
									</conditions>
								</line>
								<line number="525" hits="0" branch="false"/>
								<line number="527" hits="3" branch="false"/>
								<line number="528" hits="0" branch="false"/>
								<line number="531" hits="242" branch="false"/>
							</lines>
						</method>
						<method name="&lt;init&gt;" signature="(Ljava/util/Date;)V" line-rate="1.0" branch-rate="1.0">
							<lines>
								<line number="486" hits="58" branch="false"/>
								<line number="487" hits="58" branch="false"/>
								<line number="488" hits="58" branch="false"/>
							</lines>
						</method>
						<method name="add" signature="(II)Lcom/versionone/DB$DateTime;" line-rate="0.0" branch-rate="0.0">
							<lines>
								<line number="630" hits="0" branch="true" condition-coverage="0% (0/2)">
									<conditions>
										<condition number="0" type="jump" coverage="0%"/>
									</conditions>
								</line>
								<line number="631" hits="0" branch="false"/>
								<line number="634" hits="0" branch="false"/>
								<line number="635" hits="0" branch="false"/>
								<line number="636" hits="0" branch="false"/>
								<line number="637" hits="0" branch="false"/>
							</lines>
						</method>
						<method name="compareTo" signature="(Lcom/versionone/DB$DateTime;)I" line-rate="0.0" branch-rate="0.0">
							<lines>
								<line number="683" hits="0" branch="false"/>
								<line number="684" hits="0" branch="false"/>
								<line number="685" hits="0" branch="true" condition-coverage="0% (0/4)">
									<conditions>
										<condition number="0" type="jump" coverage="0%"/>
										<condition number="1" type="jump" coverage="0%"/>
									</conditions>
								</line>
							</lines>
						</method>
						<method name="compareTo" signature="(Ljava/lang/Object;)I" line-rate="1.0" branch-rate="1.0">
							<lines>
								<line number="464" hits="12" branch="false"/>
							</lines>
						</method>
						<method name="convertLocalToUtc" signature="()Lcom/versionone/DB$DateTime;" line-rate="0.0" branch-rate="1.0">
							<lines>
								<line number="679" hits="0" branch="false"/>
							</lines>
						</method>
						<method name="convertLocalToUtc" signature="(Ljava/util/Date;)Ljava/util/Date;" line-rate="0.0" branch-rate="1.0">
							<lines>
								<line number="667" hits="0" branch="false"/>
								<line number="668" hits="0" branch="false"/>
								<line number="669" hits="0" branch="false"/>
								<line number="670" hits="0" branch="false"/>
								<line number="671" hits="0" branch="false"/>
							</lines>
						</method>
						<method name="convertUtcToLocal" signature="()Lcom/versionone/DB$DateTime;" line-rate="0.0" branch-rate="1.0">
							<lines>
								<line number="658" hits="0" branch="false"/>
							</lines>
						</method>
						<method name="convertUtcToLocal" signature="(Ljava/util/Date;)Ljava/util/Date;" line-rate="0.0" branch-rate="1.0">
							<lines>
								<line number="646" hits="0" branch="false"/>
								<line number="647" hits="0" branch="false"/>
								<line number="648" hits="0" branch="false"/>
								<line number="649" hits="0" branch="false"/>
								<line number="650" hits="0" branch="false"/>
							</lines>
						</method>
						<method name="equals" signature="(Ljava/lang/Object;)Z" line-rate="0.9" branch-rate="0.5555555555555556">
							<lines>
								<line number="546" hits="19" branch="true" condition-coverage="75% (3/4)">
									<conditions>
										<condition number="0" type="jump" coverage="100%"/>
										<condition number="1" type="jump" coverage="50%"/>
									</conditions>
								</line>
								<line number="547" hits="3" branch="false"/>
								<line number="550" hits="16" branch="true" condition-coverage="50% (1/2)">
									<conditions>
										<condition number="0" type="jump" coverage="50%"/>
									</conditions>
								</line>
								<line number="551" hits="16" branch="false"/>
								<line number="553" hits="16" branch="true" condition-coverage="100% (2/2)">
									<conditions>
										<condition number="0" type="jump" coverage="100%"/>
									</conditions>
								</line>
								<line number="554" hits="6" branch="false"/>
								<line number="557" hits="10" branch="true" condition-coverage="100% (2/2)">
									<conditions>
										<condition number="0" type="jump" coverage="100%"/>
									</conditions>
								</line>
								<line number="558" hits="3" branch="false"/>
								<line number="561" hits="7" branch="true" condition-coverage="100% (2/2)">
									<conditions>
										<condition number="0" type="jump" coverage="100%"/>
									</conditions>
								</line>
								<line number="563" hits="0" branch="true" condition-coverage="0% (0/6)">
									<conditions>
										<condition number="0" type="jump" coverage="0%"/>
										<condition number="1" type="jump" coverage="0%"/>
										<condition number="2" type="jump" coverage="0%"/>
									</conditions>
								</line>
							</lines>
						</method>
						<method name="getDate" signature="()Lcom/versionone/DB$DateTime;" line-rate="0.8888888888888888" branch-rate="0.5">
							<lines>
								<line number="614" hits="1" branch="true" condition-coverage="50% (1/2)">
									<conditions>
										<condition number="0" type="jump" coverage="50%"/>
									</conditions>
								</line>
								<line number="615" hits="0" branch="false"/>
								<line number="617" hits="1" branch="false"/>
								<line number="618" hits="1" branch="false"/>
								<line number="621" hits="1" branch="false"/>
								<line number="622" hits="1" branch="false"/>
								<line number="623" hits="1" branch="false"/>
								<line number="624" hits="1" branch="false"/>
								<line number="626" hits="1" branch="false"/>
							</lines>
						</method>
						<method name="getValue" signature="()Ljava/lang/Object;" line-rate="1.0" branch-rate="1.0">
							<lines>
							</lines>
						</method>
						<method name="getValue" signature="()Ljava/util/Date;" line-rate="1.0" branch-rate="1.0">
							<lines>
								<line number="538" hits="289" branch="true" condition-coverage="100% (2/2)">
									<conditions>
										<condition number="0" type="jump" coverage="100%"/>
									</conditions>
								</line>
							</lines>
						</method>
						<method name="now" signature="()Lcom/versionone/DB$DateTime;" line-rate="0.0" branch-rate="1.0">
							<lines>
								<line number="473" hits="0" branch="false"/>
							</lines>
						</method>
						<method name="setDate" signature="(Ljava/util/Date;)V" line-rate="1.0" branch-rate="1.0">
							<lines>
								<line number="577" hits="288" branch="false"/>
								<line number="578" hits="288" branch="true" condition-coverage="100% (2/2)">
									<conditions>
										<condition number="0" type="jump" coverage="100%"/>
									</conditions>
								</line>
								<line number="579" hits="288" branch="false"/>
							</lines>
						</method>
						<method name="subtract" signature="(Lcom/versionone/DB$DateTime;)Lcom/versionone/Duration;" line-rate="1.0" branch-rate="0.75">
							<lines>
								<line number="596" hits="12" branch="true" condition-coverage="75% (3/4)">
									<conditions>
										<condition number="0" type="jump" coverage="50%"/>
										<condition number="1" type="jump" coverage="100%"/>
									</conditions>
								</line>
								<line number="597" hits="3" branch="false"/>
								<line number="600" hits="9" branch="false"/>
								<line number="601" hits="9" branch="false"/>
								<line number="603" hits="9" branch="false"/>
								<line number="604" hits="9" branch="false"/>
								<line number="606" hits="9" branch="false"/>
							</lines>
						</method>
						<method name="toLong" signature="()J" line-rate="0.0" branch-rate="0.0">
							<lines>
								<line number="573" hits="0" branch="true" condition-coverage="0% (0/2)">
									<conditions>
										<condition number="0" type="jump" coverage="0%"/>
									</conditions>
								</line>
							</lines>
						</method>
						<method name="toString" signature="()Ljava/lang/String;" line-rate="1.0" branch-rate="1.0">
							<lines>
								<line number="586" hits="12" branch="true" condition-coverage="100% (2/2)">
									<conditions>
										<condition number="0" type="jump" coverage="100%"/>
									</conditions>
								</line>
							</lines>
						</method>
					</methods>
					<lines>
						<line number="464" hits="12" branch="false"/>
						<line number="466" hits="1" branch="false"/>
						<line number="467" hits="1" branch="false"/>
						<line number="468" hits="1" branch="false"/>
						<line number="470" hits="330" branch="false"/>
						<line number="473" hits="0" branch="false"/>
						<line number="479" hits="60" branch="false"/>
						<line number="486" hits="58" branch="false"/>
						<line number="487" hits="58" branch="false"/>
						<line number="488" hits="58" branch="false"/>
						<line number="499" hits="242" branch="false"/>
						<line number="500" hits="242" branch="true" condition-coverage="100% (4/4)">
							<conditions>
								<condition number="0" type="jump" coverage="100%"/>
								<condition number="1" type="jump" coverage="100%"/>
							</conditions>
						</line>
						<line number="501" hits="236" branch="true" condition-coverage="100% (2/2)">
							<conditions>
								<condition number="0" type="jump" coverage="100%"/>
							</conditions>
						</line>
						<line number="502" hits="233" branch="false"/>
						<line number="504" hits="233" branch="true" condition-coverage="100% (2/2)">
							<conditions>
								<condition number="0" type="jump" coverage="100%"/>
							</conditions>
						</line>
						<line number="507" hits="230" branch="true" condition-coverage="100% (2/2)">
							<conditions>
								<condition number="0" type="jump" coverage="100%"/>
							</conditions>
						</line>
						<line number="508" hits="226" branch="false"/>
						<line number="510" hits="4" branch="false"/>
						<line number="514" hits="230" branch="false"/>
						<line number="515" hits="0" branch="false"/>
						<line number="516" hits="0" branch="false"/>
						<line number="517" hits="230" branch="false"/>
						<line number="519" hits="233" branch="true" condition-coverage="50% (1/2)">
							<conditions>
								<condition number="0" type="jump" coverage="50%"/>
							</conditions>
						</line>
						<line number="520" hits="0" branch="false"/>
						<line number="521" hits="3" branch="true" condition-coverage="50% (1/2)">
							<conditions>
								<condition number="0" type="jump" coverage="50%"/>
							</conditions>
						</line>
						<line number="522" hits="3" branch="false"/>
						<line number="524" hits="3" branch="true" condition-coverage="50% (1/2)">
							<conditions>
								<condition number="0" type="jump" coverage="50%"/>
							</conditions>
						</line>
						<line number="525" hits="0" branch="false"/>
						<line number="527" hits="3" branch="false"/>
						<line number="528" hits="0" branch="false"/>
						<line number="531" hits="242" branch="false"/>
						<line number="538" hits="289" branch="true" condition-coverage="100% (2/2)">
							<conditions>
								<condition number="0" type="jump" coverage="100%"/>
							</conditions>
						</line>
						<line number="546" hits="19" branch="true" condition-coverage="75% (3/4)">
							<conditions>
								<condition number="0" type="jump" coverage="100%"/>
								<condition number="1" type="jump" coverage="50%"/>
							</conditions>
						</line>
						<line number="547" hits="3" branch="false"/>
						<line number="550" hits="16" branch="true" condition-coverage="50% (1/2)">
							<conditions>
								<condition number="0" type="jump" coverage="50%"/>
							</conditions>
						</line>
						<line number="551" hits="16" branch="false"/>
						<line number="553" hits="16" branch="true" condition-coverage="100% (2/2)">
							<conditions>
								<condition number="0" type="jump" coverage="100%"/>
							</conditions>
						</line>
						<line number="554" hits="6" branch="false"/>
						<line number="557" hits="10" branch="true" condition-coverage="100% (2/2)">
							<conditions>
								<condition number="0" type="jump" coverage="100%"/>
							</conditions>
						</line>
						<line number="558" hits="3" branch="false"/>
						<line number="561" hits="7" branch="true" condition-coverage="100% (2/2)">
							<conditions>
								<condition number="0" type="jump" coverage="100%"/>
							</conditions>
						</line>
						<line number="563" hits="0" branch="true" condition-coverage="0% (0/6)">
							<conditions>
								<condition number="0" type="jump" coverage="0%"/>
								<condition number="1" type="jump" coverage="0%"/>
								<condition number="2" type="jump" coverage="0%"/>
							</conditions>
						</line>
						<line number="573" hits="0" branch="true" condition-coverage="0% (0/2)">
							<conditions>
								<condition number="0" type="jump" coverage="0%"/>
							</conditions>
						</line>
						<line number="577" hits="288" branch="false"/>
						<line number="578" hits="288" branch="true" condition-coverage="100% (2/2)">
							<conditions>
								<condition number="0" type="jump" coverage="100%"/>
							</conditions>
						</line>
						<line number="579" hits="288" branch="false"/>
						<line number="586" hits="12" branch="true" condition-coverage="100% (2/2)">
							<conditions>
								<condition number="0" type="jump" coverage="100%"/>
							</conditions>
						</line>
						<line number="596" hits="12" branch="true" condition-coverage="75% (3/4)">
							<conditions>
								<condition number="0" type="jump" coverage="50%"/>
								<condition number="1" type="jump" coverage="100%"/>
							</conditions>
						</line>
						<line number="597" hits="3" branch="false"/>
						<line number="600" hits="9" branch="false"/>
						<line number="601" hits="9" branch="false"/>
						<line number="603" hits="9" branch="false"/>
						<line number="604" hits="9" branch="false"/>
						<line number="606" hits="9" branch="false"/>
						<line number="614" hits="1" branch="true" condition-coverage="50% (1/2)">
							<conditions>
								<condition number="0" type="jump" coverage="50%"/>
							</conditions>
						</line>
						<line number="615" hits="0" branch="false"/>
						<line number="617" hits="1" branch="false"/>
						<line number="618" hits="1" branch="false"/>
						<line number="621" hits="1" branch="false"/>
						<line number="622" hits="1" branch="false"/>
						<line number="623" hits="1" branch="false"/>
						<line number="624" hits="1" branch="false"/>
						<line number="626" hits="1" branch="false"/>
						<line number="630" hits="0" branch="true" condition-coverage="0% (0/2)">
							<conditions>
								<condition number="0" type="jump" coverage="0%"/>
							</conditions>
						</line>
						<line number="631" hits="0" branch="false"/>
						<line number="634" hits="0" branch="false"/>
						<line number="635" hits="0" branch="false"/>
						<line number="636" hits="0" branch="false"/>
						<line number="637" hits="0" branch="false"/>
						<line number="646" hits="0" branch="false"/>
						<line number="647" hits="0" branch="false"/>
						<line number="648" hits="0" branch="false"/>
						<line number="649" hits="0" branch="false"/>
						<line number="650" hits="0" branch="false"/>
						<line number="658" hits="0" branch="false"/>
						<line number="667" hits="0" branch="false"/>
						<line number="668" hits="0" branch="false"/>
						<line number="669" hits="0" branch="false"/>
						<line number="670" hits="0" branch="false"/>
						<line number="671" hits="0" branch="false"/>
						<line number="679" hits="0" branch="false"/>
						<line number="683" hits="0" branch="false"/>
						<line number="684" hits="0" branch="false"/>
						<line number="685" hits="0" branch="true" condition-coverage="0% (0/4)">
							<conditions>
								<condition number="0" type="jump" coverage="0%"/>
								<condition number="1" type="jump" coverage="0%"/>
							</conditions>
						</line>
					</lines>
				</class>
				<class name="com.versionone.DB$DateTime$DayCounter" filename="com/versionone/DB.java" line-rate="0.8666666666666667" branch-rate="0.5" complexity="3.2318840579710146">
					<methods>
						<method name="&lt;clinit&gt;" signature="()V" line-rate="1.0" branch-rate="1.0">
							<lines>
								<line number="720" hits="1" branch="false"/>
							</lines>
						</method>
						<method name="&lt;init&gt;" signature="()V" line-rate="0.0" branch-rate="1.0">
							<lines>
								<line number="688" hits="0" branch="false"/>
							</lines>
						</method>
						<method name="daysSinceEpoch" signature="(Ljava/util/Calendar;)I" line-rate="0.8333333333333334" branch-rate="0.5">
							<lines>
								<line number="694" hits="18" branch="false"/>
								<line number="695" hits="18" branch="false"/>
								<line number="696" hits="18" branch="false"/>
								<line number="698" hits="18" branch="true" condition-coverage="50% (2/4)">
									<conditions>
										<condition number="0" type="jump" coverage="50%"/>
										<condition number="1" type="jump" coverage="50%"/>
									</conditions>
								</line>
								<line number="699" hits="0" branch="false"/>
								<line number="702" hits="18" branch="false"/>
							</lines>
						</method>
						<method name="daysToYear" signature="(I)I" line-rate="1.0" branch-rate="1.0">
							<lines>
								<line number="710" hits="18" branch="false"/>
							</lines>
						</method>
						<method name="daysUntil" signature="(Ljava/util/Calendar;Ljava/util/Calendar;)I" line-rate="1.0" branch-rate="1.0">
							<lines>
								<line number="690" hits="9" branch="false"/>
							</lines>
						</method>
						<method name="isLeapYear" signature="(I)Z" line-rate="1.0" branch-rate="0.5">
							<lines>
								<line number="706" hits="18" branch="true" condition-coverage="50% (3/6)">
									<conditions>
										<condition number="0" type="jump" coverage="50%"/>
										<condition number="1" type="jump" coverage="50%"/>
										<condition number="2" type="jump" coverage="50%"/>
									</conditions>
								</line>
							</lines>
						</method>
						<method name="numLeapsToYear" signature="(I)I" line-rate="1.0" branch-rate="1.0">
							<lines>
								<line number="714" hits="18" branch="false"/>
								<line number="715" hits="18" branch="false"/>
								<line number="716" hits="18" branch="false"/>
								<line number="717" hits="18" branch="false"/>
							</lines>
						</method>
					</methods>
					<lines>
						<line number="688" hits="0" branch="false"/>
						<line number="690" hits="9" branch="false"/>
						<line number="694" hits="18" branch="false"/>
						<line number="695" hits="18" branch="false"/>
						<line number="696" hits="18" branch="false"/>
						<line number="698" hits="18" branch="true" condition-coverage="50% (2/4)">
							<conditions>
								<condition number="0" type="jump" coverage="50%"/>
								<condition number="1" type="jump" coverage="50%"/>
							</conditions>
						</line>
						<line number="699" hits="0" branch="false"/>
						<line number="702" hits="18" branch="false"/>
						<line number="706" hits="18" branch="true" condition-coverage="50% (3/6)">
							<conditions>
								<condition number="0" type="jump" coverage="50%"/>
								<condition number="1" type="jump" coverage="50%"/>
								<condition number="2" type="jump" coverage="50%"/>
							</conditions>
						</line>
						<line number="710" hits="18" branch="false"/>
						<line number="714" hits="18" branch="false"/>
						<line number="715" hits="18" branch="false"/>
						<line number="716" hits="18" branch="false"/>
						<line number="717" hits="18" branch="false"/>
						<line number="720" hits="1" branch="false"/>
					</lines>
				</class>
				<class name="com.versionone.DB$Int" filename="com/versionone/DB.java" line-rate="0.7692307692307693" branch-rate="0.625" complexity="3.2318840579710146">
					<methods>
						<method name="&lt;init&gt;" signature="()V" line-rate="1.0" branch-rate="1.0">
							<lines>
								<line number="142" hits="102" branch="false"/>
							</lines>
						</method>
						<method name="&lt;init&gt;" signature="(I)V" line-rate="1.0" branch-rate="1.0">
							<lines>
								<line number="149" hits="58" branch="false"/>
								<line number="150" hits="58" branch="false"/>
								<line number="151" hits="58" branch="false"/>
							</lines>
						</method>
						<method name="&lt;init&gt;" signature="(Ljava/lang/Object;)V" line-rate="1.0" branch-rate="0.9166666666666666">
							<lines>
								<line number="137" hits="131" branch="false"/>
								<line number="163" hits="22" branch="false"/>
								<line number="164" hits="22" branch="true" condition-coverage="100% (4/4)">
									<conditions>
										<condition number="0" type="jump" coverage="100%"/>
										<condition number="1" type="jump" coverage="100%"/>
									</conditions>
								</line>
								<line number="165" hits="12" branch="true" condition-coverage="100% (2/2)">
									<conditions>
										<condition number="0" type="jump" coverage="100%"/>
									</conditions>
								</line>
								<line number="166" hits="6" branch="false"/>
								<line number="168" hits="6" branch="true" condition-coverage="75% (3/4)">
									<conditions>
										<condition number="0" type="jump" coverage="50%"/>
										<condition number="1" type="jump" coverage="100%"/>
									</conditions>
								</line>
								<line number="169" hits="3" branch="false"/>
								<line number="171" hits="6" branch="true" condition-coverage="100% (2/2)">
									<conditions>
										<condition number="0" type="jump" coverage="100%"/>
									</conditions>
								</line>
								<line number="172" hits="3" branch="false"/>
								<line number="175" hits="22" branch="false"/>
							</lines>
						</method>
						<method name="compare" signature="(Lcom/versionone/DB$Int;Lcom/versionone/DB$Int;)Z" line-rate="0.0" branch-rate="0.0">
							<lines>
								<line number="193" hits="0" branch="true" condition-coverage="0% (0/6)">
									<conditions>
										<condition number="0" type="jump" coverage="0%"/>
										<condition number="1" type="jump" coverage="0%"/>
										<condition number="2" type="jump" coverage="0%"/>
									</conditions>
								</line>
							</lines>
						</method>
						<method name="equals" signature="(Ljava/lang/Object;)Z" line-rate="0.46153846153846156" branch-rate="0.5625">
							<lines>
								<line number="201" hits="15" branch="true" condition-coverage="50% (2/4)">
									<conditions>
										<condition number="0" type="jump" coverage="50%"/>
										<condition number="1" type="jump" coverage="50%"/>
									</conditions>
								</line>
								<line number="202" hits="0" branch="false"/>
								<line number="204" hits="15" branch="true" condition-coverage="50% (1/2)">
									<conditions>
										<condition number="0" type="jump" coverage="50%"/>
									</conditions>
								</line>
								<line number="205" hits="15" branch="false"/>
								<line number="207" hits="15" branch="true" condition-coverage="100% (2/2)">
									<conditions>
										<condition number="0" type="jump" coverage="100%"/>
									</conditions>
								</line>
								<line number="208" hits="6" branch="false"/>
								<line number="211" hits="9" branch="true" condition-coverage="100% (4/4)">
									<conditions>
										<condition number="0" type="jump" coverage="100%"/>
										<condition number="1" type="jump" coverage="100%"/>
									</conditions>
								</line>
								<line number="214" hits="0" branch="true" condition-coverage="0% (0/2)">
									<conditions>
										<condition number="0" type="jump" coverage="0%"/>
									</conditions>
								</line>
								<line number="215" hits="0" branch="true" condition-coverage="0% (0/2)">
									<conditions>
										<condition number="0" type="jump" coverage="0%"/>
									</conditions>
								</line>
								<line number="216" hits="0" branch="false"/>
								<line number="218" hits="0" branch="false"/>
								<line number="219" hits="0" branch="false"/>
								<line number="222" hits="0" branch="false"/>
							</lines>
						</method>
						<method name="getValue" signature="()Ljava/lang/Integer;" line-rate="1.0" branch-rate="1.0">
							<lines>
								<line number="182" hits="68" branch="true" condition-coverage="100% (2/2)">
									<conditions>
										<condition number="0" type="jump" coverage="100%"/>
									</conditions>
								</line>
							</lines>
						</method>
						<method name="getValue" signature="()Ljava/lang/Object;" line-rate="1.0" branch-rate="1.0">
							<lines>
								<line number="135" hits="15" branch="false"/>
							</lines>
						</method>
						<method name="intValue" signature="()I" line-rate="1.0" branch-rate="1.0">
							<lines>
								<line number="232" hits="12" branch="true" condition-coverage="100% (2/2)">
									<conditions>
										<condition number="0" type="jump" coverage="100%"/>
									</conditions>
								</line>
								<line number="233" hits="3" branch="false"/>
								<line number="235" hits="9" branch="false"/>
							</lines>
						</method>
						<method name="longValue" signature="()J" line-rate="0.6666666666666666" branch-rate="0.5">
							<lines>
								<line number="246" hits="3" branch="true" condition-coverage="50% (1/2)">
									<conditions>
										<condition number="0" type="jump" coverage="50%"/>
									</conditions>
								</line>
								<line number="247" hits="0" branch="false"/>
								<line number="249" hits="3" branch="false"/>
							</lines>
						</method>
						<method name="setValue" signature="(I)V" line-rate="1.0" branch-rate="1.0">
							<lines>
								<line number="259" hits="64" branch="false"/>
								<line number="260" hits="64" branch="false"/>
								<line number="261" hits="64" branch="false"/>
							</lines>
						</method>
					</methods>
					<lines>
						<line number="135" hits="15" branch="false"/>
						<line number="137" hits="131" branch="false"/>
						<line number="142" hits="102" branch="false"/>
						<line number="149" hits="58" branch="false"/>
						<line number="150" hits="58" branch="false"/>
						<line number="151" hits="58" branch="false"/>
						<line number="163" hits="22" branch="false"/>
						<line number="164" hits="22" branch="true" condition-coverage="100% (4/4)">
							<conditions>
								<condition number="0" type="jump" coverage="100%"/>
								<condition number="1" type="jump" coverage="100%"/>
							</conditions>
						</line>
						<line number="165" hits="12" branch="true" condition-coverage="100% (2/2)">
							<conditions>
								<condition number="0" type="jump" coverage="100%"/>
							</conditions>
						</line>
						<line number="166" hits="6" branch="false"/>
						<line number="168" hits="6" branch="true" condition-coverage="75% (3/4)">
							<conditions>
								<condition number="0" type="jump" coverage="50%"/>
								<condition number="1" type="jump" coverage="100%"/>
							</conditions>
						</line>
						<line number="169" hits="3" branch="false"/>
						<line number="171" hits="6" branch="true" condition-coverage="100% (2/2)">
							<conditions>
								<condition number="0" type="jump" coverage="100%"/>
							</conditions>
						</line>
						<line number="172" hits="3" branch="false"/>
						<line number="175" hits="22" branch="false"/>
						<line number="182" hits="68" branch="true" condition-coverage="100% (2/2)">
							<conditions>
								<condition number="0" type="jump" coverage="100%"/>
							</conditions>
						</line>
						<line number="193" hits="0" branch="true" condition-coverage="0% (0/6)">
							<conditions>
								<condition number="0" type="jump" coverage="0%"/>
								<condition number="1" type="jump" coverage="0%"/>
								<condition number="2" type="jump" coverage="0%"/>
							</conditions>
						</line>
						<line number="201" hits="15" branch="true" condition-coverage="50% (2/4)">
							<conditions>
								<condition number="0" type="jump" coverage="50%"/>
								<condition number="1" type="jump" coverage="50%"/>
							</conditions>
						</line>
						<line number="202" hits="0" branch="false"/>
						<line number="204" hits="15" branch="true" condition-coverage="50% (1/2)">
							<conditions>
								<condition number="0" type="jump" coverage="50%"/>
							</conditions>
						</line>
						<line number="205" hits="15" branch="false"/>
						<line number="207" hits="15" branch="true" condition-coverage="100% (2/2)">
							<conditions>
								<condition number="0" type="jump" coverage="100%"/>
							</conditions>
						</line>
						<line number="208" hits="6" branch="false"/>
						<line number="211" hits="9" branch="true" condition-coverage="100% (4/4)">
							<conditions>
								<condition number="0" type="jump" coverage="100%"/>
								<condition number="1" type="jump" coverage="100%"/>
							</conditions>
						</line>
						<line number="214" hits="0" branch="true" condition-coverage="0% (0/2)">
							<conditions>
								<condition number="0" type="jump" coverage="0%"/>
							</conditions>
						</line>
						<line number="215" hits="0" branch="true" condition-coverage="0% (0/2)">
							<conditions>
								<condition number="0" type="jump" coverage="0%"/>
							</conditions>
						</line>
						<line number="216" hits="0" branch="false"/>
						<line number="218" hits="0" branch="false"/>
						<line number="219" hits="0" branch="false"/>
						<line number="222" hits="0" branch="false"/>
						<line number="232" hits="12" branch="true" condition-coverage="100% (2/2)">
							<conditions>
								<condition number="0" type="jump" coverage="100%"/>
							</conditions>
						</line>
						<line number="233" hits="3" branch="false"/>
						<line number="235" hits="9" branch="false"/>
						<line number="246" hits="3" branch="true" condition-coverage="50% (1/2)">
							<conditions>
								<condition number="0" type="jump" coverage="50%"/>
							</conditions>
						</line>
						<line number="247" hits="0" branch="false"/>
						<line number="249" hits="3" branch="false"/>
						<line number="259" hits="64" branch="false"/>
						<line number="260" hits="64" branch="false"/>
						<line number="261" hits="64" branch="false"/>
					</lines>
				</class>
				<class name="com.versionone.DB$NullObject" filename="com/versionone/DB.java" line-rate="0.9230769230769231" branch-rate="0.7" complexity="3.2318840579710146">
					<methods>
						<method name="&lt;init&gt;" signature="()V" line-rate="1.0" branch-rate="1.0">
							<lines>
								<line number="81" hits="1" branch="false"/>
							</lines>
						</method>
						<method name="&lt;init&gt;" signature="(Lcom/versionone/DB$1;)V" line-rate="1.0" branch-rate="1.0">
							<lines>
								<line number="79" hits="1" branch="false"/>
							</lines>
						</method>
						<method name="equals" signature="(Ljava/lang/Object;)Z" line-rate="0.875" branch-rate="0.7">
							<lines>
								<line number="89" hits="66" branch="true" condition-coverage="100% (2/2)">
									<conditions>
										<condition number="0" type="jump" coverage="100%"/>
									</conditions>
								</line>
								<line number="90" hits="9" branch="false"/>
								<line number="93" hits="57" branch="true" condition-coverage="100% (2/2)">
									<conditions>
										<condition number="0" type="jump" coverage="100%"/>
									</conditions>
								</line>
								<line number="94" hits="3" branch="false"/>
								<line number="97" hits="54" branch="true" condition-coverage="50% (1/2)">
									<conditions>
										<condition number="0" type="jump" coverage="50%"/>
									</conditions>
								</line>
								<line number="98" hits="54" branch="false"/>
								<line number="99" hits="54" branch="true" condition-coverage="50% (2/4)">
									<conditions>
										<condition number="0" type="jump" coverage="50%"/>
										<condition number="1" type="jump" coverage="50%"/>
									</conditions>
								</line>
								<line number="102" hits="0" branch="false"/>
							</lines>
						</method>
						<method name="getValue" signature="()Ljava/lang/Object;" line-rate="1.0" branch-rate="1.0">
							<lines>
								<line number="110" hits="6" branch="false"/>
							</lines>
						</method>
						<method name="hashCode" signature="()I" line-rate="1.0" branch-rate="1.0">
							<lines>
								<line number="118" hits="6" branch="false"/>
							</lines>
						</method>
						<method name="toString" signature="()Ljava/lang/String;" line-rate="1.0" branch-rate="1.0">
							<lines>
								<line number="126" hits="15" branch="false"/>
							</lines>
						</method>
					</methods>
					<lines>
						<line number="79" hits="1" branch="false"/>
						<line number="81" hits="1" branch="false"/>
						<line number="89" hits="66" branch="true" condition-coverage="100% (2/2)">
							<conditions>
								<condition number="0" type="jump" coverage="100%"/>
							</conditions>
						</line>
						<line number="90" hits="9" branch="false"/>
						<line number="93" hits="57" branch="true" condition-coverage="100% (2/2)">
							<conditions>
								<condition number="0" type="jump" coverage="100%"/>
							</conditions>
						</line>
						<line number="94" hits="3" branch="false"/>
						<line number="97" hits="54" branch="true" condition-coverage="50% (1/2)">
							<conditions>
								<condition number="0" type="jump" coverage="50%"/>
							</conditions>
						</line>
						<line number="98" hits="54" branch="false"/>
						<line number="99" hits="54" branch="true" condition-coverage="50% (2/4)">
							<conditions>
								<condition number="0" type="jump" coverage="50%"/>
								<condition number="1" type="jump" coverage="50%"/>
							</conditions>
						</line>
						<line number="102" hits="0" branch="false"/>
						<line number="110" hits="6" branch="false"/>
						<line number="118" hits="6" branch="false"/>
						<line number="126" hits="15" branch="false"/>
					</lines>
				</class>
				<class name="com.versionone.DB$Real" filename="com/versionone/DB.java" line-rate="0.7777777777777778" branch-rate="0.6666666666666666" complexity="3.2318840579710146">
					<methods>
						<method name="&lt;init&gt;" signature="()V" line-rate="1.0" branch-rate="1.0">
							<lines>
								<line number="738" hits="24" branch="false"/>
								<line number="739" hits="24" branch="false"/>
							</lines>
						</method>
						<method name="&lt;init&gt;" signature="(D)V" line-rate="1.0" branch-rate="1.0">
							<lines>
								<line number="746" hits="36" branch="false"/>
								<line number="747" hits="36" branch="false"/>
								<line number="748" hits="36" branch="false"/>
							</lines>
						</method>
						<method name="&lt;init&gt;" signature="(Ljava/lang/Object;)V" line-rate="0.8181818181818182" branch-rate="0.7">
							<lines>
								<line number="733" hits="16482" branch="false"/>
								<line number="758" hits="16422" branch="false"/>
								<line number="759" hits="16422" branch="true" condition-coverage="100% (4/4)">
									<conditions>
										<condition number="0" type="jump" coverage="100%"/>
										<condition number="1" type="jump" coverage="100%"/>
									</conditions>
								</line>
								<line number="760" hits="16416" branch="true" condition-coverage="50% (1/2)">
									<conditions>
										<condition number="0" type="jump" coverage="50%"/>
									</conditions>
								</line>
								<line number="761" hits="16416" branch="false"/>
								<line number="762" hits="16416" branch="true" condition-coverage="100% (2/2)">
									<conditions>
										<condition number="0" type="jump" coverage="100%"/>
									</conditions>
								</line>
								<line number="765" hits="6269" branch="false"/>
								<line number="767" hits="16416" branch="true" condition-coverage="0% (0/2)">
									<conditions>
										<condition number="0" type="jump" coverage="0%"/>
									</conditions>
								</line>
								<line number="768" hits="0" branch="false"/>
								<line number="770" hits="0" branch="false"/>
								<line number="772" hits="16422" branch="false"/>
							</lines>
						</method>
						<method name="equals" signature="(Ljava/lang/Object;)Z" line-rate="0.5" branch-rate="0.5625">
							<lines>
								<line number="798" hits="15" branch="true" condition-coverage="50% (2/4)">
									<conditions>
										<condition number="0" type="jump" coverage="50%"/>
										<condition number="1" type="jump" coverage="50%"/>
									</conditions>
								</line>
								<line number="799" hits="0" branch="false"/>
								<line number="801" hits="15" branch="true" condition-coverage="50% (1/2)">
									<conditions>
										<condition number="0" type="jump" coverage="50%"/>
									</conditions>
								</line>
								<line number="802" hits="15" branch="false"/>
								<line number="803" hits="15" branch="true" condition-coverage="100% (2/2)">
									<conditions>
										<condition number="0" type="jump" coverage="100%"/>
									</conditions>
								</line>
								<line number="804" hits="6" branch="false"/>
								<line number="806" hits="9" branch="true" condition-coverage="100% (4/4)">
									<conditions>
										<condition number="0" type="jump" coverage="100%"/>
										<condition number="1" type="jump" coverage="100%"/>
									</conditions>
								</line>
								<line number="808" hits="0" branch="true" condition-coverage="0% (0/2)">
									<conditions>
										<condition number="0" type="jump" coverage="0%"/>
									</conditions>
								</line>
								<line number="809" hits="0" branch="true" condition-coverage="0% (0/2)">
									<conditions>
										<condition number="0" type="jump" coverage="0%"/>
									</conditions>
								</line>
								<line number="810" hits="0" branch="false"/>
								<line number="811" hits="0" branch="false"/>
								<line number="813" hits="0" branch="false"/>
							</lines>
						</method>
						<method name="getFloatValue" signature="()F" line-rate="1.0" branch-rate="1.0">
							<lines>
								<line number="787" hits="18" branch="true" condition-coverage="100% (2/2)">
									<conditions>
										<condition number="0" type="jump" coverage="100%"/>
									</conditions>
								</line>
								<line number="788" hits="3" branch="false"/>
								<line number="790" hits="15" branch="false"/>
							</lines>
						</method>
						<method name="getValue" signature="()Ljava/lang/Double;" line-rate="1.0" branch-rate="1.0">
							<lines>
								<line number="778" hits="16425" branch="true" condition-coverage="100% (2/2)">
									<conditions>
										<condition number="0" type="jump" coverage="100%"/>
									</conditions>
								</line>
							</lines>
						</method>
						<method name="getValue" signature="()Ljava/lang/Object;" line-rate="1.0" branch-rate="1.0">
							<lines>
								<line number="731" hits="12" branch="false"/>
							</lines>
						</method>
						<method name="setValue" signature="(D)V" line-rate="1.0" branch-rate="1.0">
							<lines>
								<line number="817" hits="6305" branch="false"/>
								<line number="818" hits="6305" branch="false"/>
								<line number="819" hits="6305" branch="false"/>
							</lines>
						</method>
					</methods>
					<lines>
						<line number="731" hits="12" branch="false"/>
						<line number="733" hits="16482" branch="false"/>
						<line number="738" hits="24" branch="false"/>
						<line number="739" hits="24" branch="false"/>
						<line number="746" hits="36" branch="false"/>
						<line number="747" hits="36" branch="false"/>
						<line number="748" hits="36" branch="false"/>
						<line number="758" hits="16422" branch="false"/>
						<line number="759" hits="16422" branch="true" condition-coverage="100% (4/4)">
							<conditions>
								<condition number="0" type="jump" coverage="100%"/>
								<condition number="1" type="jump" coverage="100%"/>
							</conditions>
						</line>
						<line number="760" hits="16416" branch="true" condition-coverage="50% (1/2)">
							<conditions>
								<condition number="0" type="jump" coverage="50%"/>
							</conditions>
						</line>
						<line number="761" hits="16416" branch="false"/>
						<line number="762" hits="16416" branch="true" condition-coverage="100% (2/2)">
							<conditions>
								<condition number="0" type="jump" coverage="100%"/>
							</conditions>
						</line>
						<line number="765" hits="6269" branch="false"/>
						<line number="767" hits="16416" branch="true" condition-coverage="0% (0/2)">
							<conditions>
								<condition number="0" type="jump" coverage="0%"/>
							</conditions>
						</line>
						<line number="768" hits="0" branch="false"/>
						<line number="770" hits="0" branch="false"/>
						<line number="772" hits="16422" branch="false"/>
						<line number="778" hits="16425" branch="true" condition-coverage="100% (2/2)">
							<conditions>
								<condition number="0" type="jump" coverage="100%"/>
							</conditions>
						</line>
						<line number="787" hits="18" branch="true" condition-coverage="100% (2/2)">
							<conditions>
								<condition number="0" type="jump" coverage="100%"/>
							</conditions>
						</line>
						<line number="788" hits="3" branch="false"/>
						<line number="790" hits="15" branch="false"/>
						<line number="798" hits="15" branch="true" condition-coverage="50% (2/4)">
							<conditions>
								<condition number="0" type="jump" coverage="50%"/>
								<condition number="1" type="jump" coverage="50%"/>
							</conditions>
						</line>
						<line number="799" hits="0" branch="false"/>
						<line number="801" hits="15" branch="true" condition-coverage="50% (1/2)">
							<conditions>
								<condition number="0" type="jump" coverage="50%"/>
							</conditions>
						</line>
						<line number="802" hits="15" branch="false"/>
						<line number="803" hits="15" branch="true" condition-coverage="100% (2/2)">
							<conditions>
								<condition number="0" type="jump" coverage="100%"/>
							</conditions>
						</line>
						<line number="804" hits="6" branch="false"/>
						<line number="806" hits="9" branch="true" condition-coverage="100% (4/4)">
							<conditions>
								<condition number="0" type="jump" coverage="100%"/>
								<condition number="1" type="jump" coverage="100%"/>
							</conditions>
						</line>
						<line number="808" hits="0" branch="true" condition-coverage="0% (0/2)">
							<conditions>
								<condition number="0" type="jump" coverage="0%"/>
							</conditions>
						</line>
						<line number="809" hits="0" branch="true" condition-coverage="0% (0/2)">
							<conditions>
								<condition number="0" type="jump" coverage="0%"/>
							</conditions>
						</line>
						<line number="810" hits="0" branch="false"/>
						<line number="811" hits="0" branch="false"/>
						<line number="813" hits="0" branch="false"/>
						<line number="817" hits="6305" branch="false"/>
						<line number="818" hits="6305" branch="false"/>
						<line number="819" hits="6305" branch="false"/>
					</lines>
				</class>
				<class name="com.versionone.DB$Str" filename="com/versionone/DB.java" line-rate="0.7407407407407407" branch-rate="0.7083333333333334" complexity="3.2318840579710146">
					<methods>
						<method name="&lt;init&gt;" signature="()V" line-rate="1.0" branch-rate="1.0">
							<lines>
								<line number="397" hits="48" branch="false"/>
							</lines>
						</method>
						<method name="&lt;init&gt;" signature="(Ljava/lang/Object;)V" line-rate="1.0" branch-rate="1.0">
							<lines>
								<line number="392" hits="22257" branch="false"/>
								<line number="404" hits="22233" branch="false"/>
								<line number="405" hits="22233" branch="true" condition-coverage="100% (4/4)">
									<conditions>
										<condition number="0" type="jump" coverage="100%"/>
										<condition number="1" type="jump" coverage="100%"/>
									</conditions>
								</line>
								<line number="406" hits="22228" branch="false"/>
								<line number="408" hits="22228" branch="true" condition-coverage="100% (2/2)">
									<conditions>
										<condition number="0" type="jump" coverage="100%"/>
									</conditions>
								</line>
								<line number="409" hits="97" branch="false"/>
								<line number="410" hits="97" branch="false"/>
								<line number="413" hits="22233" branch="false"/>
							</lines>
						</method>
						<method name="equals" signature="(Ljava/lang/Object;)Z" line-rate="0.46153846153846156" branch-rate="0.5625">
							<lines>
								<line number="432" hits="27" branch="true" condition-coverage="50% (2/4)">
									<conditions>
										<condition number="0" type="jump" coverage="50%"/>
										<condition number="1" type="jump" coverage="50%"/>
									</conditions>
								</line>
								<line number="433" hits="0" branch="false"/>
								<line number="436" hits="27" branch="true" condition-coverage="50% (1/2)">
									<conditions>
										<condition number="0" type="jump" coverage="50%"/>
									</conditions>
								</line>
								<line number="437" hits="27" branch="false"/>
								<line number="439" hits="27" branch="true" condition-coverage="100% (2/2)">
									<conditions>
										<condition number="0" type="jump" coverage="100%"/>
									</conditions>
								</line>
								<line number="440" hits="9" branch="false"/>
								<line number="443" hits="18" branch="true" condition-coverage="100% (4/4)">
									<conditions>
										<condition number="0" type="jump" coverage="100%"/>
										<condition number="1" type="jump" coverage="100%"/>
									</conditions>
								</line>
								<line number="446" hits="0" branch="true" condition-coverage="0% (0/2)">
									<conditions>
										<condition number="0" type="jump" coverage="0%"/>
									</conditions>
								</line>
								<line number="447" hits="0" branch="true" condition-coverage="0% (0/2)">
									<conditions>
										<condition number="0" type="jump" coverage="0%"/>
									</conditions>
								</line>
								<line number="448" hits="0" branch="false"/>
								<line number="450" hits="0" branch="false"/>
								<line number="451" hits="0" branch="false"/>
								<line number="455" hits="0" branch="false"/>
							</lines>
						</method>
						<method name="getValue" signature="()Ljava/lang/Object;" line-rate="1.0" branch-rate="1.0">
							<lines>
								<line number="390" hits="18" branch="false"/>
							</lines>
						</method>
						<method name="getValue" signature="()Ljava/lang/String;" line-rate="1.0" branch-rate="1.0">
							<lines>
								<line number="424" hits="22194" branch="true" condition-coverage="100% (2/2)">
									<conditions>
										<condition number="0" type="jump" coverage="100%"/>
									</conditions>
								</line>
							</lines>
						</method>
						<method name="setValue" signature="(Ljava/lang/String;)V" line-rate="1.0" branch-rate="1.0">
							<lines>
								<line number="416" hits="22228" branch="false"/>
								<line number="417" hits="22228" branch="false"/>
								<line number="418" hits="22228" branch="false"/>
							</lines>
						</method>
					</methods>
					<lines>
						<line number="390" hits="18" branch="false"/>
						<line number="392" hits="22257" branch="false"/>
						<line number="397" hits="48" branch="false"/>
						<line number="404" hits="22233" branch="false"/>
						<line number="405" hits="22233" branch="true" condition-coverage="100% (4/4)">
							<conditions>
								<condition number="0" type="jump" coverage="100%"/>
								<condition number="1" type="jump" coverage="100%"/>
							</conditions>
						</line>
						<line number="406" hits="22228" branch="false"/>
						<line number="408" hits="22228" branch="true" condition-coverage="100% (2/2)">
							<conditions>
								<condition number="0" type="jump" coverage="100%"/>
							</conditions>
						</line>
						<line number="409" hits="97" branch="false"/>
						<line number="410" hits="97" branch="false"/>
						<line number="413" hits="22233" branch="false"/>
						<line number="416" hits="22228" branch="false"/>
						<line number="417" hits="22228" branch="false"/>
						<line number="418" hits="22228" branch="false"/>
						<line number="424" hits="22194" branch="true" condition-coverage="100% (2/2)">
							<conditions>
								<condition number="0" type="jump" coverage="100%"/>
							</conditions>
						</line>
						<line number="432" hits="27" branch="true" condition-coverage="50% (2/4)">
							<conditions>
								<condition number="0" type="jump" coverage="50%"/>
								<condition number="1" type="jump" coverage="50%"/>
							</conditions>
						</line>
						<line number="433" hits="0" branch="false"/>
						<line number="436" hits="27" branch="true" condition-coverage="50% (1/2)">
							<conditions>
								<condition number="0" type="jump" coverage="50%"/>
							</conditions>
						</line>
						<line number="437" hits="27" branch="false"/>
						<line number="439" hits="27" branch="true" condition-coverage="100% (2/2)">
							<conditions>
								<condition number="0" type="jump" coverage="100%"/>
							</conditions>
						</line>
						<line number="440" hits="9" branch="false"/>
						<line number="443" hits="18" branch="true" condition-coverage="100% (4/4)">
							<conditions>
								<condition number="0" type="jump" coverage="100%"/>
								<condition number="1" type="jump" coverage="100%"/>
							</conditions>
						</line>
						<line number="446" hits="0" branch="true" condition-coverage="0% (0/2)">
							<conditions>
								<condition number="0" type="jump" coverage="0%"/>
							</conditions>
						</line>
						<line number="447" hits="0" branch="true" condition-coverage="0% (0/2)">
							<conditions>
								<condition number="0" type="jump" coverage="0%"/>
							</conditions>
						</line>
						<line number="448" hits="0" branch="false"/>
						<line number="450" hits="0" branch="false"/>
						<line number="451" hits="0" branch="false"/>
						<line number="455" hits="0" branch="false"/>
					</lines>
				</class>
				<class name="com.versionone.Duration" filename="com/versionone/Duration.java" line-rate="0.9333333333333333" branch-rate="0.6764705882352942" complexity="3.25">
					<methods>
						<method name="&lt;init&gt;" signature="()V" line-rate="1.0" branch-rate="1.0">
							<lines>
								<line number="29" hits="2" branch="false"/>
								<line number="30" hits="2" branch="false"/>
							</lines>
						</method>
						<method name="&lt;init&gt;" signature="(ILcom/versionone/Duration$Unit;)V" line-rate="1.0" branch-rate="1.0">
							<lines>
								<line number="37" hits="77" branch="false"/>
								<line number="38" hits="77" branch="false"/>
								<line number="39" hits="77" branch="false"/>
								<line number="40" hits="75" branch="false"/>
							</lines>
						</method>
						<method name="&lt;init&gt;" signature="(Ljava/lang/String;)V" line-rate="1.0" branch-rate="0.8333333333333334">
							<lines>
								<line number="50" hits="23" branch="false"/>
								<line number="51" hits="23" branch="true" condition-coverage="75% (3/4)">
									<conditions>
										<condition number="0" type="jump" coverage="100%"/>
										<condition number="1" type="jump" coverage="50%"/>
									</conditions>
								</line>
								<line number="52" hits="2" branch="false"/>
								<line number="55" hits="21" branch="false"/>
								<line number="56" hits="21" branch="false"/>
[...]
						<line number="99" hits="323" branch="true" condition-coverage="100% (2/2)">
							<conditions>
								<condition number="0" type="jump" coverage="100%"/>
							</conditions>
						</line>
						<line number="100" hits="2" branch="false"/>
						<line number="101" hits="2" branch="false"/>
						<line number="104" hits="2" branch="false"/>
						<line number="107" hits="321" branch="false"/>
						<line number="116" hits="82" branch="false"/>
						<line number="117" hits="82" branch="false"/>
						<line number="119" hits="82" branch="true" condition-coverage="100% (2/2)">
							<conditions>
								<condition number="0" type="jump" coverage="100%"/>
							</conditions>
						</line>
						<line number="120" hits="4" branch="false"/>
						<line number="121" hits="4" branch="false"/>
						<line number="124" hits="4" branch="false"/>
						<line number="128" hits="78" branch="true" condition-coverage="50% (1/2)">
							<conditions>
								<condition number="0" type="jump" coverage="50%"/>
							</conditions>
						</line>
						<line number="129" hits="0" branch="false"/>
						<line number="132" hits="78" branch="false"/>
						<line number="277" hits="0" branch="false"/>
						<line number="279" hits="0" branch="true" condition-coverage="0% (0/2)">
							<conditions>
								<condition number="0" type="jump" coverage="0%"/>
							</conditions>
						</line>
						<line number="280" hits="0" branch="false"/>
						<line number="282" hits="0" branch="true" condition-coverage="0% (0/2)">
							<conditions>
								<condition number="0" type="jump" coverage="0%"/>
							</conditions>
						</line>
						<line number="283" hits="0" branch="false"/>
						<line number="287" hits="0" branch="false"/>
						<line number="288" hits="0" branch="false"/>
						<line number="295" hits="0" branch="false"/>
						<line number="296" hits="0" branch="false"/>
						<line number="298" hits="0" branch="true" condition-coverage="0% (0/2)">
							<conditions>
								<condition number="0" type="jump" coverage="0%"/>
							</conditions>
						</line>
						<line number="299" hits="0" branch="false"/>
						<line number="301" hits="0" branch="true" condition-coverage="0% (0/6)">
							<conditions>
								<condition number="0" type="jump" coverage="0%"/>
								<condition number="1" type="jump" coverage="0%"/>
								<condition number="2" type="jump" coverage="0%"/>
							</conditions>
						</line>
						<line number="304" hits="0" branch="false"/>
						<line number="308" hits="0" branch="false"/>
						<line number="315" hits="405" branch="true" condition-coverage="50% (1/2)">
							<conditions>
								<condition number="0" type="jump" coverage="50%"/>
							</conditions>
						</line>
						<line number="316" hits="0" branch="false"/>
						<line number="319" hits="405" branch="true" condition-coverage="50% (1/2)">
							<conditions>
								<condition number="0" type="jump" coverage="50%"/>
							</conditions>
						</line>
						<line number="320" hits="405" branch="false"/>
						<line number="323" hits="0" branch="true" condition-coverage="0% (0/2)">
							<conditions>
								<condition number="0" type="jump" coverage="0%"/>
							</conditions>
						</line>
						<line number="324" hits="0" branch="false"/>
						<line number="327" hits="0" branch="false"/>
						<line number="334" hits="405" branch="false"/>
						<line number="335" hits="405" branch="false"/>
						<line number="338" hits="405" branch="false"/>
						<line number="340" hits="405" branch="true" condition-coverage="50% (1/2)">
							<conditions>
								<condition number="0" type="jump" coverage="50%"/>
							</conditions>
						</line>
						<line number="341" hits="0" branch="false"/>
						<line number="344" hits="405" branch="true" condition-coverage="50% (1/2)">
							<conditions>
								<condition number="0" type="jump" coverage="50%"/>
							</conditions>
						</line>
						<line number="345" hits="0" branch="false"/>
						<line number="348" hits="405" branch="false"/>
						<line number="349" hits="0" branch="false"/>
						<line number="352" hits="0" branch="false"/>
						<line number="354" hits="0" branch="true" condition-coverage="0% (0/2)">
							<conditions>
								<condition number="0" type="jump" coverage="0%"/>
							</conditions>
						</line>
						<line number="355" hits="0" branch="false"/>
						<line number="357" hits="0" branch="true" condition-coverage="0% (0/2)">
							<conditions>
								<condition number="0" type="jump" coverage="0%"/>
							</conditions>
						</line>
						<line number="358" hits="0" branch="false"/>
						<line number="362" hits="0" branch="false"/>
						<line number="369" hits="7" branch="true" condition-coverage="50% (1/2)">
							<conditions>
								<condition number="0" type="jump" coverage="50%"/>
							</conditions>
						</line>
						<line number="370" hits="0" branch="false"/>
						<line number="373" hits="7" branch="false"/>
						<line number="374" hits="7" branch="false"/>
						<line number="376" hits="12" branch="true" condition-coverage="100% (2/2)">
							<conditions>
								<condition number="0" type="jump" coverage="100%"/>
							</conditions>
						</line>
						<line number="377" hits="7" branch="false"/>
						<line number="379" hits="7" branch="true" condition-coverage="50% (1/2)">
							<conditions>
								<condition number="0" type="jump" coverage="50%"/>
							</conditions>
						</line>
						<line number="380" hits="7" branch="true" condition-coverage="100% (2/2)">
							<conditions>
								<condition number="0" type="jump" coverage="100%"/>
							</conditions>
						</line>
						<line number="381" hits="2" branch="false"/>
						<line number="384" hits="5" branch="false"/>
						<line number="388" hits="5" branch="true" condition-coverage="100% (2/2)">
							<conditions>
								<condition number="0" type="jump" coverage="100%"/>
							</conditions>
						</line>
						<line number="389" hits="2" branch="false"/>
						<line number="392" hits="3" branch="false"/>
					</lines>
				</class>
				<class name="com.versionone.util.Delegator$DelegateInvokeException" filename="com/versionone/util/Delegator.java" line-rate="0.0" branch-rate="1.0" complexity="2.9583333333333335">
					<methods>
						<method name="&lt;init&gt;" signature="(Ljava/lang/Throwable;)V" line-rate="0.0" branch-rate="1.0">
							<lines>
								<line number="264" hits="0" branch="false"/>
								<line number="265" hits="0" branch="false"/>
							</lines>
						</method>
					</methods>
					<lines>
						<line number="264" hits="0" branch="false"/>
						<line number="265" hits="0" branch="false"/>
					</lines>
				</class>
				<class name="com.versionone.util.Delegator$DelegateProxy" filename="com/versionone/util/Delegator.java" line-rate="0.46153846153846156" branch-rate="0.0" complexity="2.9583333333333335">
					<methods>
						<method name="&lt;init&gt;" signature="(Lcom/versionone/util/Delegator;Ljava/lang/Object;Ljava/lang/Class;Ljava/lang/String;Lcom/versionone/util/Delegator;)V" line-rate="1.0" branch-rate="1.0">
							<lines>
								<line number="150" hits="405" branch="false"/>
								<line number="151" hits="405" branch="false"/>
								<line number="152" hits="405" branch="false"/>
								<line number="153" hits="405" branch="false"/>
								<line number="154" hits="405" branch="false"/>
							</lines>
						</method>
						<method name="getMethod" signature="()Ljava/lang/reflect/Method;" line-rate="1.0" branch-rate="1.0">
							<lines>
								<line number="241" hits="692" branch="false"/>
							</lines>
						</method>
						<method name="getTarget" signature="()Ljava/lang/Object;" line-rate="1.0" branch-rate="1.0">
							<lines>
								<line number="248" hits="692" branch="false"/>
							</lines>
						</method>
						<method name="invoke" signature="()Ljava/lang/Object;" line-rate="0.0" branch-rate="1.0">
							<lines>
								<line number="162" hits="0" branch="false"/>
							</lines>
						</method>
						<method name="invoke" signature="(Ljava/lang/Object;)Ljava/lang/Object;" line-rate="1.0" branch-rate="1.0">
							<lines>
								<line number="172" hits="686" branch="false"/>
								<line number="173" hits="686" branch="false"/>
							</lines>
						</method>
						<method name="invoke" signature="(Ljava/lang/Object;Ljava/lang/Object;)Ljava/lang/Object;" line-rate="0.0" branch-rate="1.0">
							<lines>
								<line number="184" hits="0" branch="false"/>
								<line number="185" hits="0" branch="false"/>
							</lines>
						</method>
						<method name="invoke" signature="(Ljava/lang/Object;Ljava/lang/reflect/Method;[Ljava/lang/Object;)Ljava/lang/Object;" line-rate="1.0" branch-rate="1.0">
							<lines>
								<line number="197" hits="6" branch="false"/>
							</lines>
						</method>
						<method name="invoke" signature="([Ljava/lang/Object;)Ljava/lang/Object;" line-rate="0.3333333333333333" branch-rate="1.0">
							<lines>
								<line number="209" hits="692" branch="false"/>
								<line number="210" hits="692" branch="false"/>
								<line number="211" hits="0" branch="false"/>
								<line number="212" hits="0" branch="false"/>
								<line number="213" hits="0" branch="false"/>
								<line number="214" hits="0" branch="false"/>
							</lines>
						</method>
						<method name="validateArgs" signature="([Ljava/lang/Object;)V" line-rate="0.0" branch-rate="0.0">
							<lines>
								<line number="224" hits="0" branch="false"/>
								<line number="226" hits="0" branch="true" condition-coverage="0% (0/2)">
									<conditions>
										<condition number="0" type="jump" coverage="0%"/>
									</conditions>
								</line>
								<line number="227" hits="0" branch="false"/>
								<line number="230" hits="0" branch="true" condition-coverage="0% (0/2)">
									<conditions>
										<condition number="0" type="jump" coverage="0%"/>
									</conditions>
								</line>
								<line number="231" hits="0" branch="true" condition-coverage="0% (0/2)">
									<conditions>
										<condition number="0" type="jump" coverage="0%"/>
									</conditions>
								</line>
								<line number="232" hits="0" branch="false"/>
								<line number="235" hits="0" branch="false"/>
							</lines>
						</method>
					</methods>
					<lines>
						<line number="150" hits="405" branch="false"/>
						<line number="151" hits="405" branch="false"/>
						<line number="152" hits="405" branch="false"/>
						<line number="153" hits="405" branch="false"/>
						<line number="154" hits="405" branch="false"/>
						<line number="162" hits="0" branch="false"/>
						<line number="172" hits="686" branch="false"/>
						<line number="173" hits="686" branch="false"/>
						<line number="184" hits="0" branch="false"/>
						<line number="185" hits="0" branch="false"/>
						<line number="197" hits="6" branch="false"/>
						<line number="209" hits="692" branch="false"/>
						<line number="210" hits="692" branch="false"/>
						<line number="211" hits="0" branch="false"/>
						<line number="212" hits="0" branch="false"/>
						<line number="213" hits="0" branch="false"/>
						<line number="214" hits="0" branch="false"/>
						<line number="224" hits="0" branch="false"/>
						<line number="226" hits="0" branch="true" condition-coverage="0% (0/2)">
							<conditions>
								<condition number="0" type="jump" coverage="0%"/>
							</conditions>
						</line>
						<line number="227" hits="0" branch="false"/>
						<line number="230" hits="0" branch="true" condition-coverage="0% (0/2)">
							<conditions>
								<condition number="0" type="jump" coverage="0%"/>
							</conditions>
						</line>
						<line number="231" hits="0" branch="true" condition-coverage="0% (0/2)">
							<conditions>
								<condition number="0" type="jump" coverage="0%"/>
							</conditions>
						</line>
						<line number="232" hits="0" branch="false"/>
						<line number="235" hits="0" branch="false"/>
						<line number="241" hits="692" branch="false"/>
						<line number="248" hits="692" branch="false"/>
					</lines>
				</class>
				<class name="com.versionone.util.IDelegate" filename="com/versionone/util/IDelegate.java" line-rate="1.0" branch-rate="1.0" complexity="1.0">
					<methods>
					</methods>
					<lines>
					</lines>
				</class>
				<class name="com.versionone.util.StringUtility" filename="com/versionone/util/StringUtility.java" line-rate="0.6666666666666666" branch-rate="1.0" complexity="4.0">
					<methods>
						<method name="&lt;init&gt;" signature="()V" line-rate="0.0" branch-rate="1.0">
							<lines>
								<line number="3" hits="0" branch="false"/>
							</lines>
						</method>
						<method name="IsNullOrEmpty" signature="(Ljava/lang/String;)Z" line-rate="1.0" branch-rate="1.0">
							<lines>
								<line number="5" hits="17" branch="true" condition-coverage="100% (4/4)">
									<conditions>
										<condition number="0" type="jump" coverage="100%"/>
										<condition number="1" type="jump" coverage="100%"/>
									</conditions>
								</line>
								<line number="6" hits="15" branch="false"/>
							</lines>
						</method>
					</methods>
					<lines>
						<line number="3" hits="0" branch="false"/>
						<line number="5" hits="17" branch="true" condition-coverage="100% (4/4)">
							<conditions>
								<condition number="0" type="jump" coverage="100%"/>
								<condition number="1" type="jump" coverage="100%"/>
							</conditions>
						</line>
						<line number="6" hits="15" branch="false"/>
					</lines>
				</class>
				<class name="com.versionone.util.V1Util" filename="com/versionone/util/V1Util.java" line-rate="0.0" branch-rate="0.0" complexity="2.125">
					<methods>
						<method name="&lt;init&gt;" signature="()V" line-rate="0.0" branch-rate="1.0">
							<lines>
								<line number="17" hits="0" branch="false"/>
								<line number="18" hits="0" branch="false"/>
							</lines>
						</method>
						<method name="convertListToArray" signature="(Ljava/util/List;Ljava/lang/Class;)[Ljava/lang/Object;" line-rate="0.0" branch-rate="1.0">
							<lines>
								<line number="107" hits="0" branch="false"/>
								<line number="109" hits="0" branch="false"/>
							</lines>
						</method>
						<method name="copyStream" signature="(Ljava/io/InputStream;Ljava/io/OutputStream;)V" line-rate="0.0" branch-rate="1.0">
							<lines>
								<line number="53" hits="0" branch="false"/>
								<line number="54" hits="0" branch="false"/>
							</lines>
						</method>
						<method name="copyStream" signature="(Ljava/io/InputStream;Ljava/io/OutputStream;I)V" line-rate="0.0" branch-rate="0.0">
							<lines>
								<line number="89" hits="0" branch="true" condition-coverage="0% (0/2)">
									<conditions>
										<condition number="0" type="jump" coverage="0%"/>
									</conditions>
								</line>
								<line number="90" hits="0" branch="false"/>
								<line number="93" hits="0" branch="false"/>
								<line number="95" hits="0" branch="true" condition-coverage="0% (0/2)">
									<conditions>
										<condition number="0" type="jump" coverage="0%"/>
									</conditions>
								</line>
								<line number="96" hits="0" branch="false"/>
								<line number="98" hits="0" branch="false"/>
							</lines>
						</method>
						<method name="copyStream" signature="(Ljava/io/Reader;Ljava/io/Writer;)V" line-rate="0.0" branch-rate="1.0">
							<lines>
								<line number="41" hits="0" branch="false"/>
								<line number="42" hits="0" branch="false"/>
							</lines>
						</method>
						<method name="copyStream" signature="(Ljava/io/Reader;Ljava/io/Writer;I)V" line-rate="0.0" branch-rate="0.0">
							<lines>
								<line number="67" hits="0" branch="true" condition-coverage="0% (0/2)">
									<conditions>
										<condition number="0" type="jump" coverage="0%"/>
									</conditions>
								</line>
								<line number="68" hits="0" branch="false"/>
								<line number="71" hits="0" branch="false"/>
								<line number="73" hits="0" branch="true" condition-coverage="0% (0/2)">
									<conditions>
										<condition number="0" type="jump" coverage="0%"/>
									</conditions>
								</line>
								<line number="74" hits="0" branch="false"/>
								<line number="76" hits="0" branch="false"/>
							</lines>
						</method>
						<method name="equals" signature="(Ljava/lang/Object;Ljava/lang/Object;)Z" line-rate="0.0" branch-rate="0.0">
							<lines>
								<line number="29" hits="0" branch="true" condition-coverage="0% (0/6)">
									<conditions>
										<condition number="0" type="jump" coverage="0%"/>
										<condition number="1" type="jump" coverage="0%"/>
										<condition number="2" type="jump" coverage="0%"/>
									</conditions>
								</line>
							</lines>
						</method>
						<method name="isNullOrEmpty" signature="(Ljava/lang/String;)Z" line-rate="0.0" branch-rate="0.0">
							<lines>
								<line number="119" hits="0" branch="true" condition-coverage="0% (0/4)">
									<conditions>
										<condition number="0" type="jump" coverage="0%"/>
										<condition number="1" type="jump" coverage="0%"/>
									</conditions>
								</line>
							</lines>
						</method>
					</methods>
					<lines>
						<line number="17" hits="0" branch="false"/>
						<line number="18" hits="0" branch="false"/>
						<line number="29" hits="0" branch="true" condition-coverage="0% (0/6)">
							<conditions>
								<condition number="0" type="jump" coverage="0%"/>
								<condition number="1" type="jump" coverage="0%"/>
								<condition number="2" type="jump" coverage="0%"/>
							</conditions>
						</line>
						<line number="41" hits="0" branch="false"/>
						<line number="42" hits="0" branch="false"/>
						<line number="53" hits="0" branch="false"/>
						<line number="54" hits="0" branch="false"/>
						<line number="67" hits="0" branch="true" condition-coverage="0% (0/2)">
							<conditions>
								<condition number="0" type="jump" coverage="0%"/>
							</conditions>
						</line>
						<line number="68" hits="0" branch="false"/>
						<line number="71" hits="0" branch="false"/>
						<line number="73" hits="0" branch="true" condition-coverage="0% (0/2)">
							<conditions>
								<condition number="0" type="jump" coverage="0%"/>
							</conditions>
						</line>
						<line number="74" hits="0" branch="false"/>
						<line number="76" hits="0" branch="false"/>
						<line number="89" hits="0" branch="true" condition-coverage="0% (0/2)">
							<conditions>
								<condition number="0" type="jump" coverage="0%"/>
							</conditions>
						</line>
						<line number="90" hits="0" branch="false"/>
						<line number="93" hits="0" branch="false"/>
						<line number="95" hits="0" branch="true" condition-coverage="0% (0/2)">
							<conditions>
								<condition number="0" type="jump" coverage="0%"/>
							</conditions>
						</line>
						<line number="96" hits="0" branch="false"/>
						<line number="98" hits="0" branch="false"/>
						<line number="107" hits="0" branch="false"/>
						<line number="109" hits="0" branch="false"/>
						<line number="119" hits="0" branch="true" condition-coverage="0% (0/4)">
							<conditions>
								<condition number="0" type="jump" coverage="0%"/>
								<condition number="1" type="jump" coverage="0%"/>
							</conditions>
						</line>
					</lines>
				</class>
			</classes>
		</package>
	</packages>
</coverage>
